[0320/204553.594:ERROR:process_reader_win.cc(123)] NtOpenThread: {Access Denied} A process has requested access to an object, but has not been granted those access rights. (0xc0000022)
[0320/204553.603:ERROR:exception_snapshot_win.cc(98)] thread ID 20320 not found in process
[0320/204553.812:ERROR:process_reader_win.cc(123)] NtOpenThread: {Access Denied} A process has requested access to an object, but has not been granted those access rights. (0xc0000022)
[0320/204553.812:ERROR:exception_snapshot_win.cc(98)] thread ID 25848 not found in process
[0320/213932.435:ERROR:process_reader_win.cc(151)] SuspendThread: Access is denied. (0x5)
[0320/213932.440:ERROR:process_reader_win.cc(151)] SuspendThread: Access is denied. (0x5)
[0320/213932.442:ERROR:process_reader_win.cc(123)] NtOpenThread: {Access Denied} A process has requested access to an object, but has not been granted those access rights. (0xc0000022)
[0320/213932.444:ERROR:exception_snapshot_win.cc(98)] thread ID 15996 not found in process
[0320/213932.445:ERROR:process_reader_win.cc(151)] SuspendThread: Access is denied. (0x5)
[0320/213932.445:ERROR:process_reader_win.cc(123)] NtOpenThread: {Access Denied} A process has requested access to an object, but has not been granted those access rights. (0xc0000022)
[0320/213932.445:ERROR:exception_snapshot_win.cc(98)] thread ID 27704 not found in process
[0320/213932.516:ERROR:process_reader_win.cc(151)] SuspendThread: Access is denied. (0x5)
[0320/213932.573:ERROR:process_reader_win.cc(123)] NtOpenThread: {Access Denied} A process has requested access to an object, but has not been granted those access rights. (0xc0000022)
[0320/213932.574:ERROR:exception_snapshot_win.cc(98)] thread ID 23672 not found in process
[0320/213932.576:ERROR:process_reader_win.cc(151)] SuspendThread: Access is denied. (0x5)
[0320/213932.607:ERROR:process_reader_win.cc(151)] SuspendThread: Access is denied. (0x5)
[0320/213932.607:ERROR:process_reader_win.cc(151)] SuspendThread: Access is denied. (0x5)
[0320/213932.608:ERROR:process_reader_win.cc(151)] SuspendThread: Access is denied. (0x5)
[0320/213932.608:ERROR:process_reader_win.cc(151)] SuspendThread: Access is denied. (0x5)
[0320/213932.608:ERROR:process_reader_win.cc(151)] SuspendThread: Access is denied. (0x5)
[0320/213932.608:ERROR:process_reader_win.cc(123)] NtOpenThread: {Access Denied} A process has requested access to an object, but has not been granted those access rights. (0xc0000022)
[0320/213932.609:ERROR:exception_snapshot_win.cc(98)] thread ID 16568 not found in process
[0320/213932.611:ERROR:process_reader_win.cc(151)] SuspendThread: Access is denied. (0x5)
[0320/213932.612:ERROR:process_reader_win.cc(151)] SuspendThread: Access is denied. (0x5)
[0320/213932.612:ERROR:process_reader_win.cc(151)] SuspendThread: Access is denied. (0x5)
[0320/213932.612:ERROR:process_reader_win.cc(151)] SuspendThread: Access is denied. (0x5)
[0320/213932.613:ERROR:process_reader_win.cc(151)] SuspendThread: Access is denied. (0x5)
[0320/213932.613:ERROR:process_reader_win.cc(151)] SuspendThread: Access is denied. (0x5)
[0320/213932.613:ERROR:process_reader_win.cc(123)] NtOpenThread: {Access Denied} A process has requested access to an object, but has not been granted those access rights. (0xc0000022)
[0320/213932.613:ERROR:exception_snapshot_win.cc(98)] thread ID 5768 not found in process
[0320/213932.676:ERROR:process_reader_win.cc(123)] NtOpenThread: {Access Denied} A process has requested access to an object, but has not been granted those access rights. (0xc0000022)
[0320/213932.676:ERROR:exception_snapshot_win.cc(98)] thread ID 16964 not found in process
[0320/213932.863:ERROR:process_reader_win.cc(123)] NtOpenThread: {Access Denied} A process has requested access to an object, but has not been granted those access rights. (0xc0000022)
[0320/213932.863:ERROR:exception_snapshot_win.cc(98)] thread ID 3244 not found in process
[0320/214151.240:ERROR:process_reader_win.cc(123)] NtOpenThread: {Access Denied} A process has requested access to an object, but has not been granted those access rights. (0xc0000022)
[0320/214151.244:ERROR:exception_snapshot_win.cc(98)] thread ID 31112 not found in process
[0320/214151.241:ERROR:process_reader_win.cc(123)] NtOpenThread: {Access Denied} A process has requested access to an object, but has not been granted those access rights. (0xc0000022)
[0320/214151.244:ERROR:exception_snapshot_win.cc(98)] thread ID 22780 not found in process
[0320/214352.198:ERROR:process_reader_win.cc(123)] NtOpenThread: {Access Denied} A process has requested access to an object, but has not been granted those access rights. (0xc0000022)
[0320/214352.204:ERROR:exception_snapshot_win.cc(98)] thread ID 21840 not found in process
[0320/214352.304:ERROR:process_reader_win.cc(151)] SuspendThread: Access is denied. (0x5)
[0320/214352.306:ERROR:process_reader_win.cc(151)] SuspendThread: Access is denied. (0x5)
[0320/214352.306:ERROR:process_reader_win.cc(151)] SuspendThread: Access is denied. (0x5)
[0320/214352.307:ERROR:process_reader_win.cc(151)] SuspendThread: Access is denied. (0x5)
[0320/214352.307:ERROR:process_reader_win.cc(151)] SuspendThread: Access is denied. (0x5)
[0320/214352.307:ERROR:process_reader_win.cc(123)] NtOpenThread: {Access Denied} A process has requested access to an object, but has not been granted those access rights. (0xc0000022)
[0320/214352.307:ERROR:exception_snapshot_win.cc(98)] thread ID 16952 not found in process
[0320/214922.239:ERROR:process_reader_win.cc(151)] SuspendThread: Access is denied. (0x5)
[0320/214922.239:ERROR:process_reader_win.cc(151)] SuspendThread: Access is denied. (0x5)
[0320/214922.244:ERROR:process_reader_win.cc(151)] SuspendThread: Access is denied. (0x5)
[0320/214922.244:ERROR:process_reader_win.cc(123)] NtOpenThread: {Access Denied} A process has requested access to an object, but has not been granted those access rights. (0xc0000022)
[0320/214922.246:ERROR:exception_snapshot_win.cc(98)] thread ID 26720 not found in process
[0320/214922.245:ERROR:process_reader_win.cc(123)] NtOpenThread: {Access Denied} A process has requested access to an object, but has not been granted those access rights. (0xc0000022)
[0320/214922.246:ERROR:exception_snapshot_win.cc(98)] thread ID 28856 not found in process
[0320/214922.413:ERROR:process_reader_win.cc(123)] NtOpenThread: {Access Denied} A process has requested access to an object, but has not been granted those access rights. (0xc0000022)
[0320/214922.413:ERROR:exception_snapshot_win.cc(98)] thread ID 26436 not found in process
[0320/214922.415:ERROR:process_reader_win.cc(123)] NtOpenThread: {Access Denied} A process has requested access to an object, but has not been granted those access rights. (0xc0000022)
[0320/214922.415:ERROR:exception_snapshot_win.cc(98)] thread ID 26944 not found in process
[0320/220025.437:ERROR:process_reader_win.cc(151)] SuspendThread: Access is denied. (0x5)
[0320/220025.446:ERROR:process_reader_win.cc(151)] SuspendThread: Access is denied. (0x5)
[0320/220025.446:ERROR:process_reader_win.cc(151)] SuspendThread: Access is denied. (0x5)
[0320/220025.447:ERROR:process_reader_win.cc(151)] SuspendThread: Access is denied. (0x5)
[0320/220025.447:ERROR:process_reader_win.cc(123)] NtOpenThread: {Access Denied} A process has requested access to an object, but has not been granted those access rights. (0xc0000022)
[0320/220025.450:ERROR:exception_snapshot_win.cc(98)] thread ID 16328 not found in process
[0320/220025.566:ERROR:process_reader_win.cc(151)] SuspendThread: Access is denied. (0x5)
[0320/220025.571:ERROR:process_reader_win.cc(151)] SuspendThread: Access is denied. (0x5)
[0320/220025.571:ERROR:process_reader_win.cc(151)] SuspendThread: Access is denied. (0x5)
[0320/220025.572:ERROR:process_reader_win.cc(151)] SuspendThread: Access is denied. (0x5)
[0320/220025.572:ERROR:process_reader_win.cc(151)] SuspendThread: Access is denied. (0x5)
[0320/220025.572:ERROR:process_reader_win.cc(123)] NtOpenThread: {Access Denied} A process has requested access to an object, but has not been granted those access rights. (0xc0000022)
[0320/220025.573:ERROR:exception_snapshot_win.cc(98)] thread ID 15740 not found in process
[0320/220025.508:ERROR:process_reader_win.cc(151)] SuspendThread: Access is denied. (0x5)
[0320/220025.580:ERROR:process_reader_win.cc(151)] SuspendThread: Access is denied. (0x5)
[0320/220025.581:ERROR:process_reader_win.cc(151)] SuspendThread: Access is denied. (0x5)
[0320/220025.581:ERROR:process_reader_win.cc(151)] SuspendThread: Access is denied. (0x5)
[0320/220025.582:ERROR:process_reader_win.cc(151)] SuspendThread: Access is denied. (0x5)
[0320/220025.582:ERROR:process_reader_win.cc(151)] SuspendThread: Access is denied. (0x5)
[0320/220025.582:ERROR:process_reader_win.cc(123)] NtOpenThread: {Access Denied} A process has requested access to an object, but has not been granted those access rights. (0xc0000022)
[0320/220025.584:ERROR:exception_snapshot_win.cc(98)] thread ID 24736 not found in process
[0320/220025.595:ERROR:process_reader_win.cc(151)] SuspendThread: Access is denied. (0x5)
[0320/220025.596:ERROR:process_reader_win.cc(123)] NtOpenThread: {Access Denied} A process has requested access to an object, but has not been granted those access rights. (0xc0000022)
[0320/220025.596:ERROR:exception_snapshot_win.cc(98)] thread ID 21920 not found in process
[0320/220025.610:ERROR:process_reader_win.cc(151)] SuspendThread: Access is denied. (0x5)
[0320/220025.611:ERROR:process_reader_win.cc(151)] SuspendThread: Access is denied. (0x5)
[0320/220025.611:ERROR:process_reader_win.cc(123)] NtOpenThread: {Access Denied} A process has requested access to an object, but has not been granted those access rights. (0xc0000022)
[0320/220025.611:ERROR:exception_snapshot_win.cc(98)] thread ID 22696 not found in process
[0320/220025.660:ERROR:process_reader_win.cc(151)] SuspendThread: Access is denied. (0x5)
[0320/220025.693:ERROR:process_reader_win.cc(151)] SuspendThread: Access is denied. (0x5)
[0320/220025.694:ERROR:process_reader_win.cc(151)] SuspendThread: Access is denied. (0x5)
[0320/220025.694:ERROR:process_reader_win.cc(151)] SuspendThread: Access is denied. (0x5)
[0320/220025.694:ERROR:process_reader_win.cc(123)] NtOpenThread: {Access Denied} A process has requested access to an object, but has not been granted those access rights. (0xc0000022)
[0320/220025.696:ERROR:exception_snapshot_win.cc(98)] thread ID 21120 not found in process
[0320/220025.894:ERROR:process_reader_win.cc(123)] NtOpenThread: {Access Denied} A process has requested access to an object, but has not been granted those access rights. (0xc0000022)
[0320/220025.894:ERROR:exception_snapshot_win.cc(98)] thread ID 28732 not found in process
[0320/220025.914:ERROR:process_reader_win.cc(123)] NtOpenThread: {Access Denied} A process has requested access to an object, but has not been granted those access rights. (0xc0000022)
[0320/220025.914:ERROR:exception_snapshot_win.cc(98)] thread ID 6880 not found in process
[0320/220541.349:ERROR:process_reader_win.cc(151)] SuspendThread: Access is denied. (0x5)
[0320/220541.364:ERROR:process_reader_win.cc(151)] SuspendThread: Access is denied. (0x5)
[0320/220541.365:ERROR:process_reader_win.cc(151)] SuspendThread: Access is denied. (0x5)
[0320/220541.365:ERROR:process_reader_win.cc(151)] SuspendThread: Access is denied. (0x5)
[0320/220541.366:ERROR:process_reader_win.cc(151)] SuspendThread: Access is denied. (0x5)
[0320/220541.366:ERROR:process_reader_win.cc(151)] SuspendThread: Access is denied. (0x5)
[0320/220541.366:ERROR:process_reader_win.cc(123)] NtOpenThread: {Access Denied} A process has requested access to an object, but has not been granted those access rights. (0xc0000022)
[0320/220541.366:ERROR:exception_snapshot_win.cc(98)] thread ID 23024 not found in process
[0320/220541.363:ERROR:process_reader_win.cc(151)] SuspendThread: Access is denied. (0x5)
[0320/220541.441:ERROR:process_reader_win.cc(151)] SuspendThread: Access is denied. (0x5)
[0320/220541.441:ERROR:process_reader_win.cc(123)] NtOpenThread: {Access Denied} A process has requested access to an object, but has not been granted those access rights. (0xc0000022)
[0320/220541.443:ERROR:exception_snapshot_win.cc(98)] thread ID 24012 not found in process
[0320/220541.888:ERROR:process_reader_win.cc(151)] SuspendThread: Access is denied. (0x5)
[0320/220541.888:ERROR:process_reader_win.cc(151)] SuspendThread: Access is denied. (0x5)
[0320/220541.890:ERROR:process_reader_win.cc(151)] SuspendThread: Access is denied. (0x5)
[0320/220541.890:ERROR:process_reader_win.cc(151)] SuspendThread: Access is denied. (0x5)
[0320/220541.891:ERROR:process_reader_win.cc(151)] SuspendThread: Access is denied. (0x5)
[0320/220541.891:ERROR:process_reader_win.cc(123)] NtOpenThread: {Access Denied} A process has requested access to an object, but has not been granted those access rights. (0xc0000022)
[0320/220541.891:ERROR:exception_snapshot_win.cc(98)] thread ID 12328 not found in process
[0320/220610.525:ERROR:process_reader_win.cc(123)] NtOpenThread: {Access Denied} A process has requested access to an object, but has not been granted those access rights. (0xc0000022)
[0320/220610.572:ERROR:exception_snapshot_win.cc(98)] thread ID 30176 not found in process
[0320/220610.698:ERROR:process_reader_win.cc(123)] NtOpenThread: {Access Denied} A process has requested access to an object, but has not been granted those access rights. (0xc0000022)
[0320/220610.698:ERROR:exception_snapshot_win.cc(98)] thread ID 4284 not found in process
[0320/220813.206:ERROR:process_reader_win.cc(123)] NtOpenThread: {Access Denied} A process has requested access to an object, but has not been granted those access rights. (0xc0000022)
[0320/220813.211:ERROR:exception_snapshot_win.cc(98)] thread ID 14360 not found in process
[0320/220813.236:ERROR:process_reader_win.cc(123)] NtOpenThread: {Access Denied} A process has requested access to an object, but has not been granted those access rights. (0xc0000022)
[0320/220813.236:ERROR:exception_snapshot_win.cc(98)] thread ID 18408 not found in process
[0320/221222.279:ERROR:process_reader_win.cc(151)] SuspendThread: Access is denied. (0x5)
[0320/221222.284:ERROR:process_reader_win.cc(123)] NtOpenThread: {Access Denied} A process has requested access to an object, but has not been granted those access rights. (0xc0000022)
[0320/221222.285:ERROR:exception_snapshot_win.cc(98)] thread ID 19584 not found in process
[0320/221222.288:ERROR:process_reader_win.cc(151)] SuspendThread: Access is denied. (0x5)
[0320/221222.334:ERROR:process_reader_win.cc(151)] SuspendThread: Access is denied. (0x5)
[0320/221222.334:ERROR:process_reader_win.cc(123)] NtOpenThread: {Access Denied} A process has requested access to an object, but has not been granted those access rights. (0xc0000022)
[0320/221222.336:ERROR:exception_snapshot_win.cc(98)] thread ID 26116 not found in process
[0320/221222.455:ERROR:process_reader_win.cc(151)] SuspendThread: Access is denied. (0x5)
[0320/221222.455:ERROR:process_reader_win.cc(151)] SuspendThread: Access is denied. (0x5)
[0320/221222.456:ERROR:process_reader_win.cc(151)] SuspendThread: Access is denied. (0x5)
[0320/221222.456:ERROR:process_reader_win.cc(151)] SuspendThread: Access is denied. (0x5)
[0320/221222.457:ERROR:process_reader_win.cc(151)] SuspendThread: Access is denied. (0x5)
[0320/221222.457:ERROR:process_reader_win.cc(151)] SuspendThread: Access is denied. (0x5)
[0320/221222.457:ERROR:process_reader_win.cc(123)] NtOpenThread: {Access Denied} A process has requested access to an object, but has not been granted those access rights. (0xc0000022)
[0320/221222.457:ERROR:exception_snapshot_win.cc(98)] thread ID 22044 not found in process
[0320/221222.524:ERROR:process_reader_win.cc(123)] NtOpenThread: {Access Denied} A process has requested access to an object, but has not been granted those access rights. (0xc0000022)
[0320/221222.524:ERROR:exception_snapshot_win.cc(98)] thread ID 19408 not found in process
[0320/221529.851:ERROR:process_reader_win.cc(123)] NtOpenThread: {Access Denied} A process has requested access to an object, but has not been granted those access rights. (0xc0000022)
[0320/221529.859:ERROR:exception_snapshot_win.cc(98)] thread ID 25572 not found in process
[0320/221529.971:ERROR:process_reader_win.cc(123)] NtOpenThread: {Access Denied} A process has requested access to an object, but has not been granted those access rights. (0xc0000022)
[0320/221529.971:ERROR:exception_snapshot_win.cc(98)] thread ID 21452 not found in process
[0320/222019.712:ERROR:process_reader_win.cc(123)] NtOpenThread: {Access Denied} A process has requested access to an object, but has not been granted those access rights. (0xc0000022)
[0320/222019.717:ERROR:exception_snapshot_win.cc(98)] thread ID 31200 not found in process
[0320/222019.757:ERROR:process_reader_win.cc(123)] NtOpenThread: {Access Denied} A process has requested access to an object, but has not been granted those access rights. (0xc0000022)
[0320/222019.757:ERROR:exception_snapshot_win.cc(98)] thread ID 28144 not found in process
[0320/222103.834:ERROR:process_reader_win.cc(123)] NtOpenThread: {Access Denied} A process has requested access to an object, but has not been granted those access rights. (0xc0000022)
[0320/222103.839:ERROR:exception_snapshot_win.cc(98)] thread ID 27312 not found in process
[0320/222104.002:ERROR:process_reader_win.cc(123)] NtOpenThread: {Access Denied} A process has requested access to an object, but has not been granted those access rights. (0xc0000022)
[0320/222104.002:ERROR:exception_snapshot_win.cc(98)] thread ID 17228 not found in process
[0320/222232.556:ERROR:process_reader_win.cc(123)] NtOpenThread: {Access Denied} A process has requested access to an object, but has not been granted those access rights. (0xc0000022)
[0320/222232.561:ERROR:exception_snapshot_win.cc(98)] thread ID 3244 not found in process
[0320/222232.716:ERROR:process_reader_win.cc(123)] NtOpenThread: {Access Denied} A process has requested access to an object, but has not been granted those access rights. (0xc0000022)
[0320/222232.716:ERROR:exception_snapshot_win.cc(98)] thread ID 23240 not found in process
[0321/112203.615:ERROR:process_reader_win.cc(123)] NtOpenThread: {Access Denied} A process has requested access to an object, but has not been granted those access rights. (0xc0000022)
[0321/112203.732:ERROR:exception_snapshot_win.cc(98)] thread ID 17660 not found in process
[0321/112203.743:ERROR:process_reader_win.cc(123)] NtOpenThread: {Access Denied} A process has requested access to an object, but has not been granted those access rights. (0xc0000022)
[0321/112203.743:ERROR:exception_snapshot_win.cc(98)] thread ID 25076 not found in process
[0321/112352.901:ERROR:process_reader_win.cc(123)] NtOpenThread: {Access Denied} A process has requested access to an object, but has not been granted those access rights. (0xc0000022)
[0321/112352.905:ERROR:exception_snapshot_win.cc(98)] thread ID 16420 not found in process
[0321/112352.906:ERROR:process_reader_win.cc(123)] NtOpenThread: {Access Denied} A process has requested access to an object, but has not been granted those access rights. (0xc0000022)
[0321/112352.906:ERROR:exception_snapshot_win.cc(98)] thread ID 12548 not found in process
[0321/113737.267:ERROR:process_reader_win.cc(123)] NtOpenThread: {Access Denied} A process has requested access to an object, but has not been granted those access rights. (0xc0000022)
[0321/113737.272:ERROR:exception_snapshot_win.cc(98)] thread ID 28800 not found in process
[0321/113737.406:ERROR:process_info.cc(329)] VirtualQueryEx: Access is denied. (0x5)
[0321/113737.407:ERROR:process_info.cc(556)] ReadMemoryInfo failed
[0321/113737.407:ERROR:process_memory_win.cc(39)] Failed to initialize ProcessInfo.
[0321/113737.407:ERROR:scoped_process_suspend.cc(40)] NtResumeProcess: An attempt was made to access an exiting process. (0xc000010a)
[0321/114234.197:ERROR:process_reader_win.cc(151)] SuspendThread: Access is denied. (0x5)
[0321/114234.202:ERROR:process_reader_win.cc(123)] NtOpenThread: {Access Denied} A process has requested access to an object, but has not been granted those access rights. (0xc0000022)
[0321/114234.203:ERROR:exception_snapshot_win.cc(98)] thread ID 16620 not found in process
[0321/114234.226:ERROR:process_reader_win.cc(123)] NtOpenThread: {Access Denied} A process has requested access to an object, but has not been granted those access rights. (0xc0000022)
[0321/114234.251:ERROR:exception_snapshot_win.cc(98)] thread ID 4808 not found in process
[0321/114234.350:ERROR:process_reader_win.cc(123)] NtOpenThread: {Access Denied} A process has requested access to an object, but has not been granted those access rights. (0xc0000022)
[0321/114234.350:ERROR:exception_snapshot_win.cc(98)] thread ID 25828 not found in process
[0321/114234.777:ERROR:process_reader_win.cc(123)] NtOpenThread: {Access Denied} A process has requested access to an object, but has not been granted those access rights. (0xc0000022)
[0321/114234.777:ERROR:exception_snapshot_win.cc(98)] thread ID 27644 not found in process
[0321/114541.548:ERROR:process_reader_win.cc(123)] NtOpenThread: {Access Denied} A process has requested access to an object, but has not been granted those access rights. (0xc0000022)
[0321/114541.552:ERROR:exception_snapshot_win.cc(98)] thread ID 11992 not found in process
[0321/114541.659:ERROR:process_reader_win.cc(123)] NtOpenThread: {Access Denied} A process has requested access to an object, but has not been granted those access rights. (0xc0000022)
[0321/114541.659:ERROR:exception_snapshot_win.cc(98)] thread ID 16860 not found in process
[0321/191846.236:ERROR:process_reader_win.cc(123)] NtOpenThread: {Access Denied} A process has requested access to an object, but has not been granted those access rights. (0xc0000022)
[0321/191846.245:ERROR:exception_snapshot_win.cc(98)] thread ID 21944 not found in process
[0321/191846.776:ERROR:process_reader_win.cc(123)] NtOpenThread: {Access Denied} A process has requested access to an object, but has not been granted those access rights. (0xc0000022)
[0321/191846.776:ERROR:exception_snapshot_win.cc(98)] thread ID 13060 not found in process
[0326/114428.844:ERROR:process_reader_win.cc(123)] NtOpenThread: {Access Denied} A process has requested access to an object, but has not been granted those access rights. (0xc0000022)
[0326/114428.864:ERROR:exception_snapshot_win.cc(98)] thread ID 17920 not found in process
[0326/114428.869:ERROR:process_reader_win.cc(123)] NtOpenThread: {Access Denied} A process has requested access to an object, but has not been granted those access rights. (0xc0000022)
[0326/114428.869:ERROR:exception_snapshot_win.cc(98)] thread ID 15796 not found in process
[0326/114528.210:ERROR:process_reader_win.cc(123)] NtOpenThread: {Access Denied} A process has requested access to an object, but has not been granted those access rights. (0xc0000022)
[0326/114528.213:ERROR:exception_snapshot_win.cc(98)] thread ID 13780 not found in process
[0326/114528.987:ERROR:process_reader_win.cc(123)] NtOpenThread: {Access Denied} A process has requested access to an object, but has not been granted those access rights. (0xc0000022)
[0326/114528.987:ERROR:exception_snapshot_win.cc(98)] thread ID 12864 not found in process
[0326/114713.441:ERROR:process_reader_win.cc(123)] NtOpenThread: {Access Denied} A process has requested access to an object, but has not been granted those access rights. (0xc0000022)
[0326/114713.446:ERROR:exception_snapshot_win.cc(98)] thread ID 13024 not found in process
[0326/114713.454:ERROR:process_reader_win.cc(123)] NtOpenThread: {Access Denied} A process has requested access to an object, but has not been granted those access rights. (0xc0000022)
[0326/114713.454:ERROR:exception_snapshot_win.cc(98)] thread ID 6380 not found in process
[0326/114713.513:ERROR:process_reader_win.cc(123)] NtOpenThread: {Access Denied} A process has requested access to an object, but has not been granted those access rights. (0xc0000022)
[0326/114713.513:ERROR:exception_snapshot_win.cc(98)] thread ID 16492 not found in process
